--- Startup times for process: Primary (or UI client) ---

times in msec
 clock   self+sourced   self:  sourced script
 clock   elapsed:              other lines

000.004  000.004: --- NVIM STARTING ---
000.270  000.267: event init
000.440  000.170: early init
000.560  000.120: locale set
000.749  000.190: init first window
001.658  000.909: inits 1
001.681  000.023: window checked
001.687  000.006: parsing arguments
002.697  000.095  000.095: require('vim.shared')
002.886  000.080  000.080: require('vim.inspect')
002.980  000.075  000.075: require('vim._options')
002.984  000.280  000.125: require('vim._editor')
002.986  000.418  000.043: require('vim._init_packages')
002.989  000.884: init lua interpreter
006.877  003.888: nvim_ui_attach
007.816  000.939: nvim_set_client_info
007.833  000.018: --- NVIM STARTED ---

--- Startup times for process: Embedded ---

times in msec
 clock   self+sourced   self:  sourced script
 clock   elapsed:              other lines

000.006  000.006: --- NVIM STARTING ---
000.747  000.741: event init
000.920  000.173: early init
001.156  000.236: locale set
001.239  000.084: init first window
002.145  000.906: inits 1
002.176  000.031: window checked
002.182  000.005: parsing arguments
003.254  000.102  000.102: require('vim.shared')
003.574  000.238  000.238: require('vim.inspect')
003.761  000.170  000.170: require('vim._options')
003.817  000.555  000.147: require('vim._editor')
003.851  000.842  000.185: require('vim._init_packages')
003.856  000.833: init lua interpreter
003.972  000.116: expanding arguments
004.007  000.035: inits 2
004.696  000.689: init highlight
004.704  000.008: waiting for UI
004.913  000.210: done waiting for UI
004.924  000.011: clear screen
005.112  000.017  000.017: require('vim.keymap')
006.054  000.135  000.135: sourcing nvim_exec2()
006.397  001.465  001.313: require('vim._defaults')
006.406  000.017: init default mappings & autocommands
006.574  000.168: --cmd commands
019.589  000.077  000.077: sourcing /nix/store/b0z11xqnafb6zj08403sqsrvzj7212j4-neovim-unwrapped-0.11.3/share/nvim/runtime/ftplugin.vim
022.001  000.060  000.060: sourcing /nix/store/b0z11xqnafb6zj08403sqsrvzj7212j4-neovim-unwrapped-0.11.3/share/nvim/runtime/indent.vim
026.044  000.010  000.010: require('vim.F')
026.153  003.136  003.127: require('vim.diagnostic')
027.666  000.034  000.034: require('vim.fs')
027.704  000.396  000.362: require('vim.lsp.log')
028.870  001.163  001.163: require('vim.lsp.protocol')
030.168  001.290  001.290: require('vim.lsp.util')
030.789  000.266  000.266: require('vim.lsp.sync')
030.794  000.622  000.356: require('vim.lsp._changetracking')
031.490  000.275  000.275: require('vim.lsp._transport')
031.520  000.722  000.447: require('vim.lsp.rpc')
031.555  005.315  001.122: require('vim.lsp')
032.496  000.938  000.938: require('vim.lsp.buf')
033.864  000.454  000.454: require('vim.lsp.inlay_hint')
034.517  000.192  000.192: require('lze.c.loader')
034.523  000.264  000.073: require('lze.h.colorscheme')
034.638  000.114  000.114: require('lze.h.cmd')
034.807  000.166  000.166: require('lze.h.event')
034.877  000.068  000.068: require('lze.h.ft')
035.044  000.165  000.165: require('lze.h.keys')
035.103  000.057  000.057: require('lze.h.dep_of')
035.178  000.073  000.073: require('lze.h.on_plugin')
035.253  000.073  000.073: require('lze.h.on_require')
035.255  001.031  000.051: require('lze.h')
035.284  001.227  000.195: require('lze.c.handler')
035.287  001.406  000.179: require('lze')
035.423  000.101  000.101: require('lze.c.parse')
049.777  010.465  010.465: require('onedarkpro.commands')
049.806  010.524  000.059: sourcing /nix/store/i674rcp5j1yb9wljz434pc3p74191p6w-packdir-start/pack/myNeovimPackages/start/onedarkpro.nvim/plugin/onedarkpro.lua
050.625  000.245  000.245: require('onedarkpro.utils')
050.991  000.362  000.362: require('onedarkpro.config')
050.995  000.860  000.252: require('onedarkpro')
051.290  000.177  000.177: require('onedarkpro.lib.hash')
053.204  000.006  000.006: sourcing nvim_exec2() called at /nix/store/kl88wf821hwmk8z56by18wvqgl3z5fmk-vimplugin-onedarkpro.nvim-2025-06-05/colors/onedark.vim:4
053.214  000.005  000.005: sourcing nvim_exec2() called at /nix/store/kl88wf821hwmk8z56by18wvqgl3z5fmk-vimplugin-onedarkpro.nvim-2025-06-05/colors/onedark.vim:4
053.224  000.007  000.007: sourcing nvim_exec2() called at /nix/store/kl88wf821hwmk8z56by18wvqgl3z5fmk-vimplugin-onedarkpro.nvim-2025-06-05/colors/onedark.vim:4
053.230  000.004  000.004: sourcing nvim_exec2() called at /nix/store/kl88wf821hwmk8z56by18wvqgl3z5fmk-vimplugin-onedarkpro.nvim-2025-06-05/colors/onedark.vim:4
053.233  000.001  000.001: sourcing nvim_exec2() called at /nix/store/kl88wf821hwmk8z56by18wvqgl3z5fmk-vimplugin-onedarkpro.nvim-2025-06-05/colors/onedark.vim:4
053.238  001.462  001.439: sourcing /nix/store/i2cpx8snd42w8dhh27lingfxslcvcrmj-vim-pack-dir/pack/myNeovimPackages/start/onedarkpro.nvim/colors/onedark.vim
053.261  014.240  001.217: sourcing nvim_exec2() called at VIMINIT:0
053.265  020.965: sourcing vimrc file(s)
060.598  003.162  003.162: sourcing nvim_exec2() called at /nix/store/b0z11xqnafb6zj08403sqsrvzj7212j4-neovim-unwrapped-0.11.3/share/nvim/runtime/filetype.lua:0
060.605  003.253  000.091: sourcing /nix/store/b0z11xqnafb6zj08403sqsrvzj7212j4-neovim-unwrapped-0.11.3/share/nvim/runtime/filetype.lua
062.723  000.075  000.075: sourcing /nix/store/b0z11xqnafb6zj08403sqsrvzj7212j4-neovim-unwrapped-0.11.3/share/nvim/runtime/syntax/synload.vim
062.801  002.139  002.064: sourcing /nix/store/b0z11xqnafb6zj08403sqsrvzj7212j4-neovim-unwrapped-0.11.3/share/nvim/runtime/syntax/syntax.vim
072.610  000.044  000.044: sourcing /nix/store/i2cpx8snd42w8dhh27lingfxslcvcrmj-vim-pack-dir/pack/myNeovimPackages/start/onedarkpro.nvim/plugin/onedarkpro.lua
073.175  000.193  000.193: sourcing /nix/store/b0z11xqnafb6zj08403sqsrvzj7212j4-neovim-unwrapped-0.11.3/share/nvim/runtime/plugin/gzip.vim
073.869  000.196  000.196: sourcing /nix/store/b0z11xqnafb6zj08403sqsrvzj7212j4-neovim-unwrapped-0.11.3/share/nvim/runtime/pack/dist/opt/matchit/plugin/matchit.vim
073.965  000.767  000.571: sourcing /nix/store/b0z11xqnafb6zj08403sqsrvzj7212j4-neovim-unwrapped-0.11.3/share/nvim/runtime/plugin/matchit.vim
074.092  000.105  000.105: sourcing /nix/store/b0z11xqnafb6zj08403sqsrvzj7212j4-neovim-unwrapped-0.11.3/share/nvim/runtime/plugin/matchparen.vim
074.902  000.205  000.205: sourcing /nix/store/b0z11xqnafb6zj08403sqsrvzj7212j4-neovim-unwrapped-0.11.3/share/nvim/runtime/pack/dist/opt/netrw/plugin/netrwPlugin.vim
074.986  000.875  000.670: sourcing /nix/store/b0z11xqnafb6zj08403sqsrvzj7212j4-neovim-unwrapped-0.11.3/share/nvim/runtime/plugin/netrwPlugin.vim
075.093  000.006  000.006: sourcing /nix/store/y072hx0mvd5r130ygg0w6cs820s7i3ws-neovim-0.11.3/rplugin.vim
075.222  000.207  000.201: sourcing /nix/store/b0z11xqnafb6zj08403sqsrvzj7212j4-neovim-unwrapped-0.11.3/share/nvim/runtime/plugin/rplugin.vim
075.286  000.040  000.040: sourcing /nix/store/b0z11xqnafb6zj08403sqsrvzj7212j4-neovim-unwrapped-0.11.3/share/nvim/runtime/plugin/shada.vim
075.326  000.014  000.014: sourcing /nix/store/b0z11xqnafb6zj08403sqsrvzj7212j4-neovim-unwrapped-0.11.3/share/nvim/runtime/plugin/spellfile.vim
075.415  000.065  000.065: sourcing /nix/store/b0z11xqnafb6zj08403sqsrvzj7212j4-neovim-unwrapped-0.11.3/share/nvim/runtime/plugin/tarPlugin.vim
075.460  000.015  000.015: sourcing /nix/store/b0z11xqnafb6zj08403sqsrvzj7212j4-neovim-unwrapped-0.11.3/share/nvim/runtime/plugin/tutor.vim
075.606  000.098  000.098: sourcing /nix/store/b0z11xqnafb6zj08403sqsrvzj7212j4-neovim-unwrapped-0.11.3/share/nvim/runtime/plugin/zipPlugin.vim
075.751  000.061  000.061: sourcing /nix/store/b0z11xqnafb6zj08403sqsrvzj7212j4-neovim-unwrapped-0.11.3/share/nvim/runtime/plugin/editorconfig.lua
075.842  000.061  000.061: sourcing /nix/store/b0z11xqnafb6zj08403sqsrvzj7212j4-neovim-unwrapped-0.11.3/share/nvim/runtime/plugin/man.lua
075.920  000.054  000.054: sourcing /nix/store/b0z11xqnafb6zj08403sqsrvzj7212j4-neovim-unwrapped-0.11.3/share/nvim/runtime/plugin/osc52.lua
075.974  000.029  000.029: sourcing /nix/store/b0z11xqnafb6zj08403sqsrvzj7212j4-neovim-unwrapped-0.11.3/share/nvim/runtime/plugin/tohtml.lua
075.995  014.711: loading rtp plugins
098.632  016.398  016.398: require('blink.cmp')
099.244  000.347  000.347: require('blink.cmp.lib.async')
099.524  000.095  000.095: require('blink.cmp.config.utils')
099.626  000.098  000.098: require('blink.cmp.config.keymap')
099.735  000.041  000.041: require('blink.cmp.config.completion.keyword')
099.806  000.068  000.068: require('blink.cmp.config.completion.trigger')
099.866  000.058  000.058: require('blink.cmp.config.completion.list')
099.972  000.103  000.103: require('blink.cmp.config.completion.accept')
100.316  000.341  000.341: require('blink.cmp.config.completion.menu')
100.487  000.167  000.167: require('blink.cmp.config.completion.documentation')
100.541  000.051  000.051: require('blink.cmp.config.completion.ghost_text')
100.544  000.915  000.086: require('blink.cmp.config.completion')
100.681  000.103  000.103: require('blink.cmp.config.fuzzy')
100.789  000.105  000.105: require('blink.cmp.config.sources')
100.863  000.072  000.072: require('blink.cmp.config.signature')
100.950  000.085  000.085: require('blink.cmp.config.snippets')
101.000  000.048  000.048: require('blink.cmp.config.appearance')
101.039  000.037  000.037: require('blink.cmp.config.modes.cmdline')
101.069  000.029  000.029: require('blink.cmp.config.modes.term')
101.072  001.824  000.238: require('blink.cmp.config')
101.217  000.144  000.144: require('blink.cmp.lib.utils')
101.268  000.049  000.049: require('blink.cmp.lib.event_emitter')
101.274  002.634  000.270: require('blink.cmp.sources.lib')
101.296  019.112  000.080: sourcing /nix/store/i674rcp5j1yb9wljz434pc3p74191p6w-packdir-start/pack/myNeovimPackages/start/blink.cmp/plugin/blink-cmp.lua
101.413  000.021  000.021: sourcing /nix/store/i674rcp5j1yb9wljz434pc3p74191p6w-packdir-start/pack/myNeovimPackages/start/conform.nvim/plugin/conform.lua
101.944  000.111  000.111: sourcing /nix/store/i674rcp5j1yb9wljz434pc3p74191p6w-packdir-start/pack/myNeovimPackages/start/nvim-dap/plugin/dap.lua
102.073  000.054  000.054: sourcing /nix/store/i674rcp5j1yb9wljz434pc3p74191p6w-packdir-start/pack/myNeovimPackages/start/nvim-dap-view/plugin/dap-view.lua
103.192  000.236  000.236: require('nvim-treesitter.utils')
107.888  000.271  000.271: require('vim.treesitter.language')
108.057  000.164  000.164: require('vim.func')
108.328  000.261  000.261: require('vim.func._memoize')
108.464  001.541  000.846: require('vim.treesitter.query')
108.772  000.306  000.306: require('vim.treesitter._range')
108.814  002.693  000.847: require('vim.treesitter.languagetree')
108.825  004.139  001.446: require('vim.treesitter')
109.624  006.429  002.290: require('nvim-treesitter.parsers')
111.120  000.178  000.178: require('nvim-treesitter.compat')
111.976  000.372  000.372: require('nvim-treesitter.ts_utils')
111.984  000.859  000.488: require('nvim-treesitter.tsrange')
112.197  000.212  000.212: require('nvim-treesitter.caching')
112.235  001.987  000.737: require('nvim-treesitter.query')
112.254  002.391  000.404: require('nvim-treesitter.configs')
112.259  002.632  000.241: require('nvim-treesitter.info')
112.576  000.316  000.316: require('nvim-treesitter.shell_command_selectors')
112.607  010.198  000.585: require('nvim-treesitter.install')
112.771  000.161  000.161: require('nvim-treesitter.statusline')
112.985  000.212  000.212: require('nvim-treesitter.query_predicates')
112.988  010.789  000.219: require('nvim-treesitter')
113.606  000.611  000.611: require('vim.iter')
114.716  012.547  001.147: sourcing /nix/store/i674rcp5j1yb9wljz434pc3p74191p6w-packdir-start/pack/myNeovimPackages/start/nvim-treesitter/plugin/nvim-treesitter.lua
114.874  000.029  000.029: sourcing /nix/store/i674rcp5j1yb9wljz434pc3p74191p6w-packdir-start/pack/myNeovimPackages/start/onedarkpro.nvim/plugin/onedarkpro.lua
115.307  000.348  000.348: require('snacks')
115.310  000.362  000.013: sourcing /nix/store/i674rcp5j1yb9wljz434pc3p74191p6w-packdir-start/pack/myNeovimPackages/start/snacks.nvim/plugin/snacks.lua
116.546  000.182  000.182: require('typst-preview.config')
116.580  000.454  000.272: require('typst-preview.utils')
117.268  000.255  000.255: require('typst-preview.fetch')
117.272  000.512  000.257: require('typst-preview.servers.factory')
117.275  000.693  000.181: require('typst-preview.servers.manager')
117.278  001.325  000.178: require('typst-preview.servers')
117.279  001.482  000.157: require('typst-preview.events.server')
117.444  000.164  000.164: require('typst-preview.events.editor')
117.447  001.805  000.159: require('typst-preview.events')
117.449  002.043  000.238: require('typst-preview.commands')
117.487  002.093  000.050: sourcing /nix/store/i674rcp5j1yb9wljz434pc3p74191p6w-packdir-start/pack/myNeovimPackages/start/typst-preview.nvim/plugin/init.lua
123.896  013.573: loading packages
123.914  000.018: loading after plugins
123.926  000.012: inits 3
126.008  002.082: reading ShaDa
126.794  000.786: opening buffers
127.572  000.374  000.374: require('mini.trailspace')
127.743  000.574: BufEnter autocommands
127.746  000.004: editing files in windows
127.754  000.008: --- NVIM STARTED ---

